2022-08-31 01:10:26,990 WARN com.zaxxer.hikari.pool.HikariPool [HikariPool-1 housekeeper] HikariPool-1 - Thread starvation or clock leap detected (housekeeper delta=3h29s75ms674µs200ns).
2022-08-31 08:15:45,000 WARN com.zaxxer.hikari.pool.HikariPool [HikariPool-1 housekeeper] HikariPool-1 - Thread starvation or clock leap detected (housekeeper delta=7h5m25s715ms222µs300ns).
2022-08-31 08:27:24,286 INFO com.zaxxer.hikari.HikariDataSource [SpringApplicationShutdownHook] HikariPool-1 - Shutdown initiated...
2022-08-31 08:27:24,343 INFO com.zaxxer.hikari.HikariDataSource [SpringApplicationShutdownHook] HikariPool-1 - Shutdown completed.
2022-08-31 08:30:44,324 INFO com.logos.fulltank.FulltankApplication [main] Starting FulltankApplication using Java 11.0.14 on DESKTOP-5LINHUV with PID 3536 (C:\Users\nazar\Desktop\Java Logos\6.Advanced\fulltank\target\classes started by nazar in C:\Users\nazar\Desktop\Java Logos\6.Advanced\fulltank)
2022-08-31 08:30:44,384 INFO com.logos.fulltank.FulltankApplication [main] No active profile set, falling back to 1 default profile: "default"
2022-08-31 08:30:51,247 INFO org.apache.catalina.core.StandardService [main] Starting service [Tomcat]
2022-08-31 08:30:51,249 INFO org.apache.catalina.core.StandardEngine [main] Starting Servlet engine: [Apache Tomcat/9.0.65]
2022-08-31 08:30:51,882 INFO org.apache.catalina.core.ContainerBase.[Tomcat].[localhost].[/] [main] Initializing Spring embedded WebApplicationContext
2022-08-31 08:30:52,811 INFO org.hibernate.jpa.internal.util.LogHelper [main] HHH000204: Processing PersistenceUnitInfo [name: default]
2022-08-31 08:30:53,081 INFO org.hibernate.Version [main] HHH000412: Hibernate ORM core version 5.6.10.Final
2022-08-31 08:30:53,837 INFO org.hibernate.annotations.common.Version [main] HCANN000001: Hibernate Commons Annotations {5.1.2.Final}
2022-08-31 08:30:54,206 INFO com.zaxxer.hikari.HikariDataSource [main] HikariPool-1 - Starting...
2022-08-31 08:30:55,213 INFO com.zaxxer.hikari.HikariDataSource [main] HikariPool-1 - Start completed.
2022-08-31 08:30:55,259 INFO org.hibernate.dialect.Dialect [main] HHH000400: Using dialect: org.hibernate.dialect.MySQL8Dialect
2022-08-31 08:30:57,367 INFO org.hibernate.engine.transaction.jta.platform.internal.JtaPlatformInitiator [main] HHH000490: Using JtaPlatform implementation: [org.hibernate.engine.transaction.jta.platform.internal.NoJtaPlatform]
2022-08-31 08:31:00,556 INFO com.logos.fulltank.FulltankApplication [main] Started FulltankApplication in 18.508 seconds (JVM running for 21.505)
2022-08-31 08:31:34,616 INFO com.zaxxer.hikari.HikariDataSource [SpringApplicationShutdownHook] HikariPool-1 - Shutdown initiated...
2022-08-31 08:31:34,648 INFO com.zaxxer.hikari.HikariDataSource [SpringApplicationShutdownHook] HikariPool-1 - Shutdown completed.
2022-08-31 08:31:50,926 INFO com.logos.fulltank.FulltankApplication [main] Starting FulltankApplication using Java 11.0.14 on DESKTOP-5LINHUV with PID 3168 (C:\Users\nazar\Desktop\Java Logos\6.Advanced\fulltank\target\classes started by nazar in C:\Users\nazar\Desktop\Java Logos\6.Advanced\fulltank)
2022-08-31 08:31:50,942 INFO com.logos.fulltank.FulltankApplication [main] No active profile set, falling back to 1 default profile: "default"
2022-08-31 08:31:55,582 INFO org.apache.catalina.core.StandardService [main] Starting service [Tomcat]
2022-08-31 08:31:55,584 INFO org.apache.catalina.core.StandardEngine [main] Starting Servlet engine: [Apache Tomcat/9.0.65]
2022-08-31 08:31:55,927 INFO org.apache.catalina.core.ContainerBase.[Tomcat].[localhost].[/] [main] Initializing Spring embedded WebApplicationContext
2022-08-31 08:31:56,454 INFO org.hibernate.jpa.internal.util.LogHelper [main] HHH000204: Processing PersistenceUnitInfo [name: default]
2022-08-31 08:31:56,551 INFO org.hibernate.Version [main] HHH000412: Hibernate ORM core version 5.6.10.Final
2022-08-31 08:31:56,957 INFO org.hibernate.annotations.common.Version [main] HCANN000001: Hibernate Commons Annotations {5.1.2.Final}
2022-08-31 08:31:57,166 INFO com.zaxxer.hikari.HikariDataSource [main] HikariPool-1 - Starting...
2022-08-31 08:31:57,989 INFO com.zaxxer.hikari.HikariDataSource [main] HikariPool-1 - Start completed.
2022-08-31 08:31:58,079 INFO org.hibernate.dialect.Dialect [main] HHH000400: Using dialect: org.hibernate.dialect.MySQL8Dialect
2022-08-31 08:32:02,008 INFO org.hibernate.engine.transaction.jta.platform.internal.JtaPlatformInitiator [main] HHH000490: Using JtaPlatform implementation: [org.hibernate.engine.transaction.jta.platform.internal.NoJtaPlatform]
2022-08-31 08:32:07,052 INFO com.logos.fulltank.FulltankApplication [main] Started FulltankApplication in 18.508 seconds (JVM running for 22.313)
2022-08-31 08:32:21,999 INFO org.apache.catalina.core.ContainerBase.[Tomcat].[localhost].[/] [http-nio-8080-exec-1] Initializing Spring DispatcherServlet 'dispatcherServlet'
2022-08-31 08:32:22,765 WARN org.apache.catalina.util.SessionIdGeneratorBase [http-nio-8080-exec-1] Creation of SecureRandom instance for session ID generation using [SHA1PRNG] took [422] milliseconds.
2022-08-31 08:40:58,358 INFO com.zaxxer.hikari.HikariDataSource [SpringApplicationShutdownHook] HikariPool-1 - Shutdown initiated...
2022-08-31 08:40:58,405 INFO com.zaxxer.hikari.HikariDataSource [SpringApplicationShutdownHook] HikariPool-1 - Shutdown completed.
2022-08-31 08:41:12,359 INFO com.logos.fulltank.FulltankApplication [main] Starting FulltankApplication using Java 11.0.14 on DESKTOP-5LINHUV with PID 6936 (C:\Users\nazar\Desktop\Java Logos\6.Advanced\fulltank\target\classes started by nazar in C:\Users\nazar\Desktop\Java Logos\6.Advanced\fulltank)
2022-08-31 08:41:12,370 INFO com.logos.fulltank.FulltankApplication [main] No active profile set, falling back to 1 default profile: "default"
2022-08-31 08:41:17,602 INFO org.apache.catalina.core.StandardService [main] Starting service [Tomcat]
2022-08-31 08:41:17,604 INFO org.apache.catalina.core.StandardEngine [main] Starting Servlet engine: [Apache Tomcat/9.0.65]
2022-08-31 08:41:17,912 INFO org.apache.catalina.core.ContainerBase.[Tomcat].[localhost].[/] [main] Initializing Spring embedded WebApplicationContext
2022-08-31 08:41:18,440 INFO org.hibernate.jpa.internal.util.LogHelper [main] HHH000204: Processing PersistenceUnitInfo [name: default]
2022-08-31 08:41:18,536 INFO org.hibernate.Version [main] HHH000412: Hibernate ORM core version 5.6.10.Final
2022-08-31 08:41:18,864 INFO org.hibernate.annotations.common.Version [main] HCANN000001: Hibernate Commons Annotations {5.1.2.Final}
2022-08-31 08:41:19,051 INFO com.zaxxer.hikari.HikariDataSource [main] HikariPool-1 - Starting...
2022-08-31 08:41:19,746 INFO com.zaxxer.hikari.HikariDataSource [main] HikariPool-1 - Start completed.
2022-08-31 08:41:19,789 INFO org.hibernate.dialect.Dialect [main] HHH000400: Using dialect: org.hibernate.dialect.MySQL8Dialect
2022-08-31 08:41:21,614 INFO org.hibernate.engine.transaction.jta.platform.internal.JtaPlatformInitiator [main] HHH000490: Using JtaPlatform implementation: [org.hibernate.engine.transaction.jta.platform.internal.NoJtaPlatform]
2022-08-31 08:41:30,153 INFO com.logos.fulltank.FulltankApplication [main] Started FulltankApplication in 19.675 seconds (JVM running for 22.902)
2022-08-31 08:41:38,059 INFO org.apache.catalina.core.ContainerBase.[Tomcat].[localhost].[/] [http-nio-8080-exec-2] Initializing Spring DispatcherServlet 'dispatcherServlet'
2022-08-31 08:41:38,642 WARN org.apache.catalina.util.SessionIdGeneratorBase [http-nio-8080-exec-2] Creation of SecureRandom instance for session ID generation using [SHA1PRNG] took [381] milliseconds.
2022-08-31 08:42:58,229 INFO com.zaxxer.hikari.HikariDataSource [SpringApplicationShutdownHook] HikariPool-1 - Shutdown initiated...
2022-08-31 08:42:58,313 INFO com.zaxxer.hikari.HikariDataSource [SpringApplicationShutdownHook] HikariPool-1 - Shutdown completed.
2022-08-31 08:43:10,405 INFO com.logos.fulltank.FulltankApplication [main] Starting FulltankApplication using Java 11.0.14 on DESKTOP-5LINHUV with PID 5616 (C:\Users\nazar\Desktop\Java Logos\6.Advanced\fulltank\target\classes started by nazar in C:\Users\nazar\Desktop\Java Logos\6.Advanced\fulltank)
2022-08-31 08:43:10,415 INFO com.logos.fulltank.FulltankApplication [main] No active profile set, falling back to 1 default profile: "default"
2022-08-31 08:43:15,485 INFO org.apache.catalina.core.StandardService [main] Starting service [Tomcat]
2022-08-31 08:43:15,487 INFO org.apache.catalina.core.StandardEngine [main] Starting Servlet engine: [Apache Tomcat/9.0.65]
2022-08-31 08:43:15,950 INFO org.apache.catalina.core.ContainerBase.[Tomcat].[localhost].[/] [main] Initializing Spring embedded WebApplicationContext
2022-08-31 08:43:16,585 INFO org.hibernate.jpa.internal.util.LogHelper [main] HHH000204: Processing PersistenceUnitInfo [name: default]
2022-08-31 08:43:16,686 INFO org.hibernate.Version [main] HHH000412: Hibernate ORM core version 5.6.10.Final
2022-08-31 08:43:17,030 INFO org.hibernate.annotations.common.Version [main] HCANN000001: Hibernate Commons Annotations {5.1.2.Final}
2022-08-31 08:43:17,348 INFO com.zaxxer.hikari.HikariDataSource [main] HikariPool-1 - Starting...
2022-08-31 08:43:18,762 INFO com.zaxxer.hikari.HikariDataSource [main] HikariPool-1 - Start completed.
2022-08-31 08:43:18,851 INFO org.hibernate.dialect.Dialect [main] HHH000400: Using dialect: org.hibernate.dialect.MySQL8Dialect
2022-08-31 08:43:21,685 INFO org.hibernate.engine.transaction.jta.platform.internal.JtaPlatformInitiator [main] HHH000490: Using JtaPlatform implementation: [org.hibernate.engine.transaction.jta.platform.internal.NoJtaPlatform]
2022-08-31 08:43:25,451 INFO com.logos.fulltank.FulltankApplication [main] Started FulltankApplication in 16.476 seconds (JVM running for 19.444)
2022-08-31 08:43:35,937 INFO org.apache.catalina.core.ContainerBase.[Tomcat].[localhost].[/] [http-nio-8080-exec-1] Initializing Spring DispatcherServlet 'dispatcherServlet'
2022-08-31 08:43:36,516 WARN org.apache.catalina.util.SessionIdGeneratorBase [http-nio-8080-exec-1] Creation of SecureRandom instance for session ID generation using [SHA1PRNG] took [367] milliseconds.
2022-08-31 08:46:38,964 INFO com.zaxxer.hikari.HikariDataSource [SpringApplicationShutdownHook] HikariPool-1 - Shutdown initiated...
2022-08-31 08:46:39,000 INFO com.zaxxer.hikari.HikariDataSource [SpringApplicationShutdownHook] HikariPool-1 - Shutdown completed.
2022-08-31 08:46:54,348 INFO com.logos.fulltank.FulltankApplication [main] Starting FulltankApplication using Java 11.0.14 on DESKTOP-5LINHUV with PID 9716 (C:\Users\nazar\Desktop\Java Logos\6.Advanced\fulltank\target\classes started by nazar in C:\Users\nazar\Desktop\Java Logos\6.Advanced\fulltank)
2022-08-31 08:46:54,357 INFO com.logos.fulltank.FulltankApplication [main] No active profile set, falling back to 1 default profile: "default"
2022-08-31 08:46:59,157 INFO org.apache.catalina.core.StandardService [main] Starting service [Tomcat]
2022-08-31 08:46:59,158 INFO org.apache.catalina.core.StandardEngine [main] Starting Servlet engine: [Apache Tomcat/9.0.65]
2022-08-31 08:46:59,471 INFO org.apache.catalina.core.ContainerBase.[Tomcat].[localhost].[/] [main] Initializing Spring embedded WebApplicationContext
2022-08-31 08:47:00,007 INFO org.hibernate.jpa.internal.util.LogHelper [main] HHH000204: Processing PersistenceUnitInfo [name: default]
2022-08-31 08:47:00,113 INFO org.hibernate.Version [main] HHH000412: Hibernate ORM core version 5.6.10.Final
2022-08-31 08:47:00,389 INFO org.hibernate.annotations.common.Version [main] HCANN000001: Hibernate Commons Annotations {5.1.2.Final}
2022-08-31 08:47:00,585 INFO com.zaxxer.hikari.HikariDataSource [main] HikariPool-1 - Starting...
2022-08-31 08:47:01,257 INFO com.zaxxer.hikari.HikariDataSource [main] HikariPool-1 - Start completed.
2022-08-31 08:47:01,298 INFO org.hibernate.dialect.Dialect [main] HHH000400: Using dialect: org.hibernate.dialect.MySQL8Dialect
2022-08-31 08:47:03,096 INFO org.hibernate.engine.transaction.jta.platform.internal.JtaPlatformInitiator [main] HHH000490: Using JtaPlatform implementation: [org.hibernate.engine.transaction.jta.platform.internal.NoJtaPlatform]
2022-08-31 08:47:06,620 INFO com.logos.fulltank.FulltankApplication [main] Started FulltankApplication in 13.771 seconds (JVM running for 17.063)
2022-08-31 08:47:14,847 INFO org.apache.catalina.core.ContainerBase.[Tomcat].[localhost].[/] [http-nio-8080-exec-1] Initializing Spring DispatcherServlet 'dispatcherServlet'
2022-08-31 08:47:15,811 WARN org.apache.catalina.util.SessionIdGeneratorBase [http-nio-8080-exec-1] Creation of SecureRandom instance for session ID generation using [SHA1PRNG] took [643] milliseconds.
2022-08-31 08:53:13,653 INFO com.zaxxer.hikari.HikariDataSource [SpringApplicationShutdownHook] HikariPool-1 - Shutdown initiated...
2022-08-31 08:53:13,687 INFO com.zaxxer.hikari.HikariDataSource [SpringApplicationShutdownHook] HikariPool-1 - Shutdown completed.
2022-08-31 08:53:32,393 INFO com.logos.fulltank.FulltankApplication [main] Starting FulltankApplication using Java 11.0.14 on DESKTOP-5LINHUV with PID 9704 (C:\Users\nazar\Desktop\Java Logos\6.Advanced\fulltank\target\classes started by nazar in C:\Users\nazar\Desktop\Java Logos\6.Advanced\fulltank)
2022-08-31 08:53:32,403 INFO com.logos.fulltank.FulltankApplication [main] No active profile set, falling back to 1 default profile: "default"
2022-08-31 08:53:36,939 INFO org.apache.catalina.core.StandardService [main] Starting service [Tomcat]
2022-08-31 08:53:36,941 INFO org.apache.catalina.core.StandardEngine [main] Starting Servlet engine: [Apache Tomcat/9.0.65]
2022-08-31 08:53:37,328 INFO org.apache.catalina.core.ContainerBase.[Tomcat].[localhost].[/] [main] Initializing Spring embedded WebApplicationContext
2022-08-31 08:53:37,885 INFO org.hibernate.jpa.internal.util.LogHelper [main] HHH000204: Processing PersistenceUnitInfo [name: default]
2022-08-31 08:53:37,983 INFO org.hibernate.Version [main] HHH000412: Hibernate ORM core version 5.6.10.Final
2022-08-31 08:53:38,282 INFO org.hibernate.annotations.common.Version [main] HCANN000001: Hibernate Commons Annotations {5.1.2.Final}
2022-08-31 08:53:38,469 INFO com.zaxxer.hikari.HikariDataSource [main] HikariPool-1 - Starting...
2022-08-31 08:53:39,158 INFO com.zaxxer.hikari.HikariDataSource [main] HikariPool-1 - Start completed.
2022-08-31 08:53:39,211 INFO org.hibernate.dialect.Dialect [main] HHH000400: Using dialect: org.hibernate.dialect.MySQL8Dialect
2022-08-31 08:53:41,003 INFO org.hibernate.engine.transaction.jta.platform.internal.JtaPlatformInitiator [main] HHH000490: Using JtaPlatform implementation: [org.hibernate.engine.transaction.jta.platform.internal.NoJtaPlatform]
2022-08-31 08:53:44,340 INFO com.logos.fulltank.FulltankApplication [main] Started FulltankApplication in 13.429 seconds (JVM running for 16.709)
2022-08-31 08:53:50,402 INFO org.apache.catalina.core.ContainerBase.[Tomcat].[localhost].[/] [http-nio-8080-exec-2] Initializing Spring DispatcherServlet 'dispatcherServlet'
2022-08-31 08:53:51,091 WARN org.apache.catalina.util.SessionIdGeneratorBase [http-nio-8080-exec-2] Creation of SecureRandom instance for session ID generation using [SHA1PRNG] took [419] milliseconds.
2022-08-31 08:55:14,411 INFO com.zaxxer.hikari.HikariDataSource [SpringApplicationShutdownHook] HikariPool-1 - Shutdown initiated...
2022-08-31 08:55:14,441 INFO com.zaxxer.hikari.HikariDataSource [SpringApplicationShutdownHook] HikariPool-1 - Shutdown completed.
2022-08-31 08:55:38,337 INFO com.logos.fulltank.FulltankApplication [main] Starting FulltankApplication using Java 11.0.14 on DESKTOP-5LINHUV with PID 8988 (C:\Users\nazar\Desktop\Java Logos\6.Advanced\fulltank\target\classes started by nazar in C:\Users\nazar\Desktop\Java Logos\6.Advanced\fulltank)
2022-08-31 08:55:38,354 INFO com.logos.fulltank.FulltankApplication [main] No active profile set, falling back to 1 default profile: "default"
2022-08-31 08:55:43,978 INFO org.apache.catalina.core.StandardService [main] Starting service [Tomcat]
2022-08-31 08:55:43,980 INFO org.apache.catalina.core.StandardEngine [main] Starting Servlet engine: [Apache Tomcat/9.0.65]
2022-08-31 08:55:44,294 INFO org.apache.catalina.core.ContainerBase.[Tomcat].[localhost].[/] [main] Initializing Spring embedded WebApplicationContext
2022-08-31 08:55:44,814 INFO org.hibernate.jpa.internal.util.LogHelper [main] HHH000204: Processing PersistenceUnitInfo [name: default]
2022-08-31 08:55:44,905 INFO org.hibernate.Version [main] HHH000412: Hibernate ORM core version 5.6.10.Final
2022-08-31 08:55:45,219 INFO org.hibernate.annotations.common.Version [main] HCANN000001: Hibernate Commons Annotations {5.1.2.Final}
2022-08-31 08:55:45,407 INFO com.zaxxer.hikari.HikariDataSource [main] HikariPool-1 - Starting...
2022-08-31 08:55:46,320 INFO com.zaxxer.hikari.HikariDataSource [main] HikariPool-1 - Start completed.
2022-08-31 08:55:46,374 INFO org.hibernate.dialect.Dialect [main] HHH000400: Using dialect: org.hibernate.dialect.MySQL8Dialect
2022-08-31 08:55:48,260 INFO org.hibernate.engine.transaction.jta.platform.internal.JtaPlatformInitiator [main] HHH000490: Using JtaPlatform implementation: [org.hibernate.engine.transaction.jta.platform.internal.NoJtaPlatform]
2022-08-31 08:55:51,981 INFO com.logos.fulltank.FulltankApplication [main] Started FulltankApplication in 17.743 seconds (JVM running for 21.376)
2022-08-31 08:55:55,152 INFO org.apache.catalina.core.ContainerBase.[Tomcat].[localhost].[/] [http-nio-8080-exec-1] Initializing Spring DispatcherServlet 'dispatcherServlet'
2022-08-31 08:55:55,909 WARN org.apache.catalina.util.SessionIdGeneratorBase [http-nio-8080-exec-1] Creation of SecureRandom instance for session ID generation using [SHA1PRNG] took [417] milliseconds.
2022-08-31 08:59:38,637 INFO com.zaxxer.hikari.HikariDataSource [SpringApplicationShutdownHook] HikariPool-1 - Shutdown initiated...
2022-08-31 08:59:38,675 INFO com.zaxxer.hikari.HikariDataSource [SpringApplicationShutdownHook] HikariPool-1 - Shutdown completed.
2022-08-31 08:59:58,869 INFO com.logos.fulltank.FulltankApplication [main] Starting FulltankApplication using Java 11.0.14 on DESKTOP-5LINHUV with PID 11160 (C:\Users\nazar\Desktop\Java Logos\6.Advanced\fulltank\target\classes started by nazar in C:\Users\nazar\Desktop\Java Logos\6.Advanced\fulltank)
2022-08-31 08:59:58,881 INFO com.logos.fulltank.FulltankApplication [main] No active profile set, falling back to 1 default profile: "default"
2022-08-31 09:00:03,782 INFO org.apache.catalina.core.StandardService [main] Starting service [Tomcat]
2022-08-31 09:00:03,784 INFO org.apache.catalina.core.StandardEngine [main] Starting Servlet engine: [Apache Tomcat/9.0.65]
2022-08-31 09:00:04,217 INFO org.apache.catalina.core.ContainerBase.[Tomcat].[localhost].[/] [main] Initializing Spring embedded WebApplicationContext
2022-08-31 09:00:06,288 INFO org.hibernate.jpa.internal.util.LogHelper [main] HHH000204: Processing PersistenceUnitInfo [name: default]
2022-08-31 09:00:07,160 INFO org.hibernate.Version [main] HHH000412: Hibernate ORM core version 5.6.10.Final
2022-08-31 09:00:08,920 INFO org.hibernate.annotations.common.Version [main] HCANN000001: Hibernate Commons Annotations {5.1.2.Final}
2022-08-31 09:00:09,686 INFO com.zaxxer.hikari.HikariDataSource [main] HikariPool-1 - Starting...
2022-08-31 09:00:10,734 INFO com.zaxxer.hikari.HikariDataSource [main] HikariPool-1 - Start completed.
2022-08-31 09:00:10,783 INFO org.hibernate.dialect.Dialect [main] HHH000400: Using dialect: org.hibernate.dialect.MySQL8Dialect
2022-08-31 09:00:12,600 INFO org.hibernate.engine.transaction.jta.platform.internal.JtaPlatformInitiator [main] HHH000490: Using JtaPlatform implementation: [org.hibernate.engine.transaction.jta.platform.internal.NoJtaPlatform]
2022-08-31 09:00:15,877 INFO com.logos.fulltank.FulltankApplication [main] Started FulltankApplication in 18.822 seconds (JVM running for 22.599)
2022-08-31 09:00:19,342 INFO org.apache.catalina.core.ContainerBase.[Tomcat].[localhost].[/] [http-nio-8080-exec-2] Initializing Spring DispatcherServlet 'dispatcherServlet'
2022-08-31 09:00:30,698 WARN org.apache.catalina.util.SessionIdGeneratorBase [http-nio-8080-exec-10] Creation of SecureRandom instance for session ID generation using [SHA1PRNG] took [491] milliseconds.
2022-08-31 09:00:47,964 ERROR org.apache.catalina.core.ContainerBase.[Tomcat].[localhost].[/].[dispatcherServlet] [http-nio-8080-exec-1] Servlet.service() for servlet [dispatcherServlet] in context with path [] threw exception [Request processing failed; nested exception is java.lang.NumberFormatException: For input string: "11,111111"] with root cause
java.lang.NumberFormatException: For input string: "11,111111"
	at java.base/jdk.internal.math.FloatingDecimal.readJavaFormatString(FloatingDecimal.java:2054)
	at java.base/jdk.internal.math.FloatingDecimal.parseDouble(FloatingDecimal.java:110)
	at java.base/java.lang.Double.parseDouble(Double.java:543)
	at com.logos.fulltank.controller.FuellingStationController.createFuellingStation(FuellingStationController.java:56)
	at java.base/jdk.internal.reflect.NativeMethodAccessorImpl.invoke0(Native Method)
	at java.base/jdk.internal.reflect.NativeMethodAccessorImpl.invoke(NativeMethodAccessorImpl.java:62)
	at java.base/jdk.internal.reflect.DelegatingMethodAccessorImpl.invoke(DelegatingMethodAccessorImpl.java:43)
	at java.base/java.lang.reflect.Method.invoke(Method.java:566)
	at org.springframework.web.method.support.InvocableHandlerMethod.doInvoke(InvocableHandlerMethod.java:205)
	at org.springframework.web.method.support.InvocableHandlerMethod.invokeForRequest(InvocableHandlerMethod.java:150)
	at org.springframework.web.servlet.mvc.method.annotation.ServletInvocableHandlerMethod.invokeAndHandle(ServletInvocableHandlerMethod.java:117)
	at org.springframework.web.servlet.mvc.method.annotation.RequestMappingHandlerAdapter.invokeHandlerMethod(RequestMappingHandlerAdapter.java:895)
	at org.springframework.web.servlet.mvc.method.annotation.RequestMappingHandlerAdapter.handleInternal(RequestMappingHandlerAdapter.java:808)
	at org.springframework.web.servlet.mvc.method.AbstractHandlerMethodAdapter.handle(AbstractHandlerMethodAdapter.java:87)
	at org.springframework.web.servlet.DispatcherServlet.doDispatch(DispatcherServlet.java:1070)
	at org.springframework.web.servlet.DispatcherServlet.doService(DispatcherServlet.java:963)
	at org.springframework.web.servlet.FrameworkServlet.processRequest(FrameworkServlet.java:1006)
	at org.springframework.web.servlet.FrameworkServlet.doPost(FrameworkServlet.java:909)
	at javax.servlet.http.HttpServlet.service(HttpServlet.java:681)
	at org.springframework.web.servlet.FrameworkServlet.service(FrameworkServlet.java:883)
	at javax.servlet.http.HttpServlet.service(HttpServlet.java:764)
	at org.apache.catalina.core.ApplicationFilterChain.internalDoFilter(ApplicationFilterChain.java:227)
	at org.apache.catalina.core.ApplicationFilterChain.doFilter(ApplicationFilterChain.java:162)
	at org.apache.tomcat.websocket.server.WsFilter.doFilter(WsFilter.java:53)
	at org.apache.catalina.core.ApplicationFilterChain.internalDoFilter(ApplicationFilterChain.java:189)
	at org.apache.catalina.core.ApplicationFilterChain.doFilter(ApplicationFilterChain.java:162)
	at org.springframework.security.web.FilterChainProxy$VirtualFilterChain.doFilter(FilterChainProxy.java:327)
	at org.springframework.security.web.access.intercept.AuthorizationFilter.doFilterInternal(AuthorizationFilter.java:73)
	at org.springframework.web.filter.OncePerRequestFilter.doFilter(OncePerRequestFilter.java:117)
	at org.springframework.security.web.FilterChainProxy$VirtualFilterChain.doFilter(FilterChainProxy.java:336)
	at org.springframework.security.web.access.ExceptionTranslationFilter.doFilter(ExceptionTranslationFilter.java:122)
	at org.springframework.security.web.access.ExceptionTranslationFilter.doFilter(ExceptionTranslationFilter.java:116)
	at org.springframework.security.web.FilterChainProxy$VirtualFilterChain.doFilter(FilterChainProxy.java:336)
	at org.springframework.security.web.session.SessionManagementFilter.doFilter(SessionManagementFilter.java:126)
	at org.springframework.security.web.session.SessionManagementFilter.doFilter(SessionManagementFilter.java:81)
	at org.springframework.security.web.FilterChainProxy$VirtualFilterChain.doFilter(FilterChainProxy.java:336)
	at org.springframework.security.web.authentication.AnonymousAuthenticationFilter.doFilter(AnonymousAuthenticationFilter.java:109)
	at org.springframework.security.web.FilterChainProxy$VirtualFilterChain.doFilter(FilterChainProxy.java:336)
	at org.springframework.security.web.servletapi.SecurityContextHolderAwareRequestFilter.doFilter(SecurityContextHolderAwareRequestFilter.java:149)
	at org.springframework.security.web.FilterChainProxy$VirtualFilterChain.doFilter(FilterChainProxy.java:336)
	at org.springframework.security.web.savedrequest.RequestCacheAwareFilter.doFilter(RequestCacheAwareFilter.java:63)
	at org.springframework.security.web.FilterChainProxy$VirtualFilterChain.doFilter(FilterChainProxy.java:336)
	at org.springframework.security.web.authentication.AbstractAuthenticationProcessingFilter.doFilter(AbstractAuthenticationProcessingFilter.java:223)
	at org.springframework.security.web.authentication.AbstractAuthenticationProcessingFilter.doFilter(AbstractAuthenticationProcessingFilter.java:217)
	at org.springframework.security.web.FilterChainProxy$VirtualFilterChain.doFilter(FilterChainProxy.java:336)
	at org.springframework.security.web.authentication.logout.LogoutFilter.doFilter(LogoutFilter.java:103)
	at org.springframework.security.web.authentication.logout.LogoutFilter.doFilter(LogoutFilter.java:89)
	at org.springframework.security.web.FilterChainProxy$VirtualFilterChain.doFilter(FilterChainProxy.java:336)
	at org.springframework.security.web.header.HeaderWriterFilter.doHeadersAfter(HeaderWriterFilter.java:90)
	at org.springframework.security.web.header.HeaderWriterFilter.doFilterInternal(HeaderWriterFilter.java:75)
	at org.springframework.web.filter.OncePerRequestFilter.doFilter(OncePerRequestFilter.java:117)
	at org.springframework.security.web.FilterChainProxy$VirtualFilterChain.doFilter(FilterChainProxy.java:336)
	at org.springframework.security.web.context.SecurityContextPersistenceFilter.doFilter(SecurityContextPersistenceFilter.java:112)
	at org.springframework.security.web.context.SecurityContextPersistenceFilter.doFilter(SecurityContextPersistenceFilter.java:82)
	at org.springframework.security.web.FilterChainProxy$VirtualFilterChain.doFilter(FilterChainProxy.java:336)
	at org.springframework.security.web.context.request.async.WebAsyncManagerIntegrationFilter.doFilterInternal(WebAsyncManagerIntegrationFilter.java:55)
	at org.springframework.web.filter.OncePerRequestFilter.doFilter(OncePerRequestFilter.java:117)
	at org.springframework.security.web.FilterChainProxy$VirtualFilterChain.doFilter(FilterChainProxy.java:336)
	at org.springframework.security.web.session.DisableEncodeUrlFilter.doFilterInternal(DisableEncodeUrlFilter.java:42)
	at org.springframework.web.filter.OncePerRequestFilter.doFilter(OncePerRequestFilter.java:117)
	at org.springframework.security.web.FilterChainProxy$VirtualFilterChain.doFilter(FilterChainProxy.java:336)
	at org.springframework.security.web.FilterChainProxy.doFilterInternal(FilterChainProxy.java:211)
	at org.springframework.security.web.FilterChainProxy.doFilter(FilterChainProxy.java:183)
	at org.springframework.web.filter.DelegatingFilterProxy.invokeDelegate(DelegatingFilterProxy.java:354)
	at org.springframework.web.filter.DelegatingFilterProxy.doFilter(DelegatingFilterProxy.java:267)
	at org.apache.catalina.core.ApplicationFilterChain.internalDoFilter(ApplicationFilterChain.java:189)
	at org.apache.catalina.core.ApplicationFilterChain.doFilter(ApplicationFilterChain.java:162)
	at org.springframework.web.filter.RequestContextFilter.doFilterInternal(RequestContextFilter.java:100)
	at org.springframework.web.filter.OncePerRequestFilter.doFilter(OncePerRequestFilter.java:117)
	at org.apache.catalina.core.ApplicationFilterChain.internalDoFilter(ApplicationFilterChain.java:189)
	at org.apache.catalina.core.ApplicationFilterChain.doFilter(ApplicationFilterChain.java:162)
	at org.springframework.web.filter.FormContentFilter.doFilterInternal(FormContentFilter.java:93)
	at org.springframework.web.filter.OncePerRequestFilter.doFilter(OncePerRequestFilter.java:117)
	at org.apache.catalina.core.ApplicationFilterChain.internalDoFilter(ApplicationFilterChain.java:189)
	at org.apache.catalina.core.ApplicationFilterChain.doFilter(ApplicationFilterChain.java:162)
	at org.springframework.web.filter.CharacterEncodingFilter.doFilterInternal(CharacterEncodingFilter.java:201)
	at org.springframework.web.filter.OncePerRequestFilter.doFilter(OncePerRequestFilter.java:117)
	at org.apache.catalina.core.ApplicationFilterChain.internalDoFilter(ApplicationFilterChain.java:189)
	at org.apache.catalina.core.ApplicationFilterChain.doFilter(ApplicationFilterChain.java:162)
	at org.apache.catalina.core.StandardWrapperValve.invoke(StandardWrapperValve.java:197)
	at org.apache.catalina.core.StandardContextValve.invoke(StandardContextValve.java:97)
	at org.apache.catalina.authenticator.AuthenticatorBase.invoke(AuthenticatorBase.java:541)
	at org.apache.catalina.core.StandardHostValve.invoke(StandardHostValve.java:135)
	at org.apache.catalina.valves.ErrorReportValve.invoke(ErrorReportValve.java:92)
	at org.apache.catalina.core.StandardEngineValve.invoke(StandardEngineValve.java:78)
	at org.apache.catalina.connector.CoyoteAdapter.service(CoyoteAdapter.java:360)
	at org.apache.coyote.http11.Http11Processor.service(Http11Processor.java:399)
	at org.apache.coyote.AbstractProcessorLight.process(AbstractProcessorLight.java:65)
	at org.apache.coyote.AbstractProtocol$ConnectionHandler.process(AbstractProtocol.java:890)
	at org.apache.tomcat.util.net.NioEndpoint$SocketProcessor.doRun(NioEndpoint.java:1789)
	at org.apache.tomcat.util.net.SocketProcessorBase.run(SocketProcessorBase.java:49)
	at org.apache.tomcat.util.threads.ThreadPoolExecutor.runWorker(ThreadPoolExecutor.java:1191)
	at org.apache.tomcat.util.threads.ThreadPoolExecutor$Worker.run(ThreadPoolExecutor.java:659)
	at org.apache.tomcat.util.threads.TaskThread$WrappingRunnable.run(TaskThread.java:61)
	at java.base/java.lang.Thread.run(Thread.java:834)
2022-08-31 09:01:15,843 INFO Fuelling Service [http-nio-8080-exec-6] Created new fuelling stationFuellingStation{id=0, providerOrBrand='Nobrand', numberOfPumps=4, latitude=11.111111, longitude=22.22222, address='Moscow', pumpSet=null}
2022-08-31 09:02:52,934 INFO com.zaxxer.hikari.HikariDataSource [SpringApplicationShutdownHook] HikariPool-1 - Shutdown initiated...
2022-08-31 09:02:52,969 INFO com.zaxxer.hikari.HikariDataSource [SpringApplicationShutdownHook] HikariPool-1 - Shutdown completed.
2022-08-31 09:03:06,448 INFO com.logos.fulltank.FulltankApplication [main] Starting FulltankApplication using Java 11.0.14 on DESKTOP-5LINHUV with PID 10376 (C:\Users\nazar\Desktop\Java Logos\6.Advanced\fulltank\target\classes started by nazar in C:\Users\nazar\Desktop\Java Logos\6.Advanced\fulltank)
2022-08-31 09:03:06,460 INFO com.logos.fulltank.FulltankApplication [main] No active profile set, falling back to 1 default profile: "default"
2022-08-31 09:03:12,997 INFO org.apache.catalina.core.StandardService [main] Starting service [Tomcat]
2022-08-31 09:03:12,999 INFO org.apache.catalina.core.StandardEngine [main] Starting Servlet engine: [Apache Tomcat/9.0.65]
2022-08-31 09:03:13,530 INFO org.apache.catalina.core.ContainerBase.[Tomcat].[localhost].[/] [main] Initializing Spring embedded WebApplicationContext
2022-08-31 09:03:14,505 INFO org.hibernate.jpa.internal.util.LogHelper [main] HHH000204: Processing PersistenceUnitInfo [name: default]
2022-08-31 09:03:14,697 INFO org.hibernate.Version [main] HHH000412: Hibernate ORM core version 5.6.10.Final
2022-08-31 09:03:15,149 INFO org.hibernate.annotations.common.Version [main] HCANN000001: Hibernate Commons Annotations {5.1.2.Final}
2022-08-31 09:03:15,429 INFO com.zaxxer.hikari.HikariDataSource [main] HikariPool-1 - Starting...
2022-08-31 09:03:16,753 INFO com.zaxxer.hikari.HikariDataSource [main] HikariPool-1 - Start completed.
2022-08-31 09:03:16,811 INFO org.hibernate.dialect.Dialect [main] HHH000400: Using dialect: org.hibernate.dialect.MySQL8Dialect
2022-08-31 09:03:21,167 INFO org.hibernate.engine.transaction.jta.platform.internal.JtaPlatformInitiator [main] HHH000490: Using JtaPlatform implementation: [org.hibernate.engine.transaction.jta.platform.internal.NoJtaPlatform]
2022-08-31 09:03:29,742 INFO com.logos.fulltank.FulltankApplication [main] Started FulltankApplication in 25.305 seconds (JVM running for 29.061)
2022-08-31 09:03:46,981 INFO com.zaxxer.hikari.HikariDataSource [SpringApplicationShutdownHook] HikariPool-1 - Shutdown initiated...
2022-08-31 09:03:47,033 INFO com.zaxxer.hikari.HikariDataSource [SpringApplicationShutdownHook] HikariPool-1 - Shutdown completed.
2022-08-31 09:04:00,091 INFO com.logos.fulltank.FulltankApplication [main] Starting FulltankApplication using Java 11.0.14 on DESKTOP-5LINHUV with PID 9272 (C:\Users\nazar\Desktop\Java Logos\6.Advanced\fulltank\target\classes started by nazar in C:\Users\nazar\Desktop\Java Logos\6.Advanced\fulltank)
2022-08-31 09:04:00,101 INFO com.logos.fulltank.FulltankApplication [main] No active profile set, falling back to 1 default profile: "default"
2022-08-31 09:04:05,453 INFO org.apache.catalina.core.StandardService [main] Starting service [Tomcat]
2022-08-31 09:04:05,454 INFO org.apache.catalina.core.StandardEngine [main] Starting Servlet engine: [Apache Tomcat/9.0.65]
2022-08-31 09:04:05,825 INFO org.apache.catalina.core.ContainerBase.[Tomcat].[localhost].[/] [main] Initializing Spring embedded WebApplicationContext
2022-08-31 09:04:06,370 INFO org.hibernate.jpa.internal.util.LogHelper [main] HHH000204: Processing PersistenceUnitInfo [name: default]
2022-08-31 09:04:06,464 INFO org.hibernate.Version [main] HHH000412: Hibernate ORM core version 5.6.10.Final
2022-08-31 09:04:06,788 INFO org.hibernate.annotations.common.Version [main] HCANN000001: Hibernate Commons Annotations {5.1.2.Final}
2022-08-31 09:04:06,974 INFO com.zaxxer.hikari.HikariDataSource [main] HikariPool-1 - Starting...
2022-08-31 09:04:07,667 INFO com.zaxxer.hikari.HikariDataSource [main] HikariPool-1 - Start completed.
2022-08-31 09:04:07,715 INFO org.hibernate.dialect.Dialect [main] HHH000400: Using dialect: org.hibernate.dialect.MySQL8Dialect
2022-08-31 09:04:09,475 INFO org.hibernate.engine.transaction.jta.platform.internal.JtaPlatformInitiator [main] HHH000490: Using JtaPlatform implementation: [org.hibernate.engine.transaction.jta.platform.internal.NoJtaPlatform]
2022-08-31 09:04:12,861 INFO com.logos.fulltank.FulltankApplication [main] Started FulltankApplication in 14.219 seconds (JVM running for 17.775)
2022-08-31 09:04:17,319 INFO org.apache.catalina.core.ContainerBase.[Tomcat].[localhost].[/] [http-nio-8080-exec-1] Initializing Spring DispatcherServlet 'dispatcherServlet'
2022-08-31 09:04:22,992 WARN org.apache.catalina.util.SessionIdGeneratorBase [http-nio-8080-exec-7] Creation of SecureRandom instance for session ID generation using [SHA1PRNG] took [395] milliseconds.
2022-08-31 09:05:45,737 INFO Fuelling Service [http-nio-8080-exec-5] Created new fuelling stationFuellingStation{id=0, providerOrBrand='Amic', numberOfPumps=4, latitude=22.121212, longitude=33.222222, address='Kyiv', pumpSet=null}
2022-08-31 09:06:24,772 INFO Fuelling Service [http-nio-8080-exec-1] Information about fuelling station with id 3 ready for you
2022-08-31 09:32:35,013 INFO Fuelling Service [http-nio-8080-exec-6] Information about fuelling station with id 3 ready for you
2022-08-31 09:36:01,588 INFO com.zaxxer.hikari.HikariDataSource [SpringApplicationShutdownHook] HikariPool-1 - Shutdown initiated...
2022-08-31 09:36:01,613 INFO com.zaxxer.hikari.HikariDataSource [SpringApplicationShutdownHook] HikariPool-1 - Shutdown completed.
2022-08-31 09:36:14,653 INFO com.logos.fulltank.FulltankApplication [main] Starting FulltankApplication using Java 11.0.14 on DESKTOP-5LINHUV with PID 7956 (C:\Users\nazar\Desktop\Java Logos\6.Advanced\fulltank\target\classes started by nazar in C:\Users\nazar\Desktop\Java Logos\6.Advanced\fulltank)
2022-08-31 09:36:14,667 INFO com.logos.fulltank.FulltankApplication [main] No active profile set, falling back to 1 default profile: "default"
2022-08-31 09:36:19,744 INFO org.apache.catalina.core.StandardService [main] Starting service [Tomcat]
2022-08-31 09:36:19,748 INFO org.apache.catalina.core.StandardEngine [main] Starting Servlet engine: [Apache Tomcat/9.0.65]
2022-08-31 09:36:20,128 INFO org.apache.catalina.core.ContainerBase.[Tomcat].[localhost].[/] [main] Initializing Spring embedded WebApplicationContext
2022-08-31 09:36:20,668 INFO org.hibernate.jpa.internal.util.LogHelper [main] HHH000204: Processing PersistenceUnitInfo [name: default]
2022-08-31 09:36:20,802 INFO org.hibernate.Version [main] HHH000412: Hibernate ORM core version 5.6.10.Final
2022-08-31 09:36:21,233 INFO org.hibernate.annotations.common.Version [main] HCANN000001: Hibernate Commons Annotations {5.1.2.Final}
2022-08-31 09:36:21,519 INFO com.zaxxer.hikari.HikariDataSource [main] HikariPool-1 - Starting...
2022-08-31 09:36:22,379 INFO com.zaxxer.hikari.HikariDataSource [main] HikariPool-1 - Start completed.
2022-08-31 09:36:22,438 INFO org.hibernate.dialect.Dialect [main] HHH000400: Using dialect: org.hibernate.dialect.MySQL8Dialect
2022-08-31 09:36:24,475 INFO org.hibernate.engine.transaction.jta.platform.internal.JtaPlatformInitiator [main] HHH000490: Using JtaPlatform implementation: [org.hibernate.engine.transaction.jta.platform.internal.NoJtaPlatform]
2022-08-31 09:36:29,370 INFO com.logos.fulltank.FulltankApplication [main] Started FulltankApplication in 16.211 seconds (JVM running for 19.796)
2022-08-31 09:37:02,648 INFO org.apache.catalina.core.ContainerBase.[Tomcat].[localhost].[/] [http-nio-8080-exec-1] Initializing Spring DispatcherServlet 'dispatcherServlet'
2022-08-31 09:37:08,782 WARN org.apache.catalina.util.SessionIdGeneratorBase [http-nio-8080-exec-9] Creation of SecureRandom instance for session ID generation using [SHA1PRNG] took [461] milliseconds.
2022-08-31 09:37:28,737 INFO Fuelling Service [http-nio-8080-exec-6] Created new fuelling stationFuellingStation{id=0, providerOrBrand='shell', numberOfPumps=2, latitude=11.111111, longitude=11.22222, address='Moscow', pumpSet=null}
2022-08-31 09:43:22,685 INFO com.zaxxer.hikari.HikariDataSource [SpringApplicationShutdownHook] HikariPool-1 - Shutdown initiated...
2022-08-31 09:43:22,712 INFO com.zaxxer.hikari.HikariDataSource [SpringApplicationShutdownHook] HikariPool-1 - Shutdown completed.
2022-08-31 09:43:38,754 INFO com.logos.fulltank.FulltankApplication [main] Starting FulltankApplication using Java 11.0.14 on DESKTOP-5LINHUV with PID 10796 (C:\Users\nazar\Desktop\Java Logos\6.Advanced\fulltank\target\classes started by nazar in C:\Users\nazar\Desktop\Java Logos\6.Advanced\fulltank)
2022-08-31 09:43:38,765 INFO com.logos.fulltank.FulltankApplication [main] No active profile set, falling back to 1 default profile: "default"
2022-08-31 09:43:47,496 INFO org.hibernate.jpa.internal.util.LogHelper [main] HHH000204: Processing PersistenceUnitInfo [name: default]
2022-08-31 09:43:47,622 INFO org.hibernate.Version [main] HHH000412: Hibernate ORM core version 5.6.10.Final
2022-08-31 09:43:48,029 INFO org.hibernate.annotations.common.Version [main] HCANN000001: Hibernate Commons Annotations {5.1.2.Final}
2022-08-31 09:43:48,247 INFO com.zaxxer.hikari.HikariDataSource [main] HikariPool-1 - Starting...
2022-08-31 09:43:49,042 INFO com.zaxxer.hikari.HikariDataSource [main] HikariPool-1 - Start completed.
2022-08-31 09:43:49,088 INFO org.hibernate.dialect.Dialect [main] HHH000400: Using dialect: org.hibernate.dialect.MySQL8Dialect
2022-08-31 09:43:52,201 INFO org.hibernate.engine.transaction.jta.platform.internal.JtaPlatformInitiator [main] HHH000490: Using JtaPlatform implementation: [org.hibernate.engine.transaction.jta.platform.internal.NoJtaPlatform]
2022-08-31 09:43:56,281 INFO com.logos.fulltank.FulltankApplication [main] Started FulltankApplication in 19.252 seconds (JVM running for 22.733)
2022-08-31 09:43:56,713 INFO com.zaxxer.hikari.HikariDataSource [SpringApplicationShutdownHook] HikariPool-1 - Shutdown initiated...
2022-08-31 09:43:56,741 INFO com.zaxxer.hikari.HikariDataSource [SpringApplicationShutdownHook] HikariPool-1 - Shutdown completed.
2022-08-31 09:44:09,808 INFO com.logos.fulltank.FulltankApplication [main] Starting FulltankApplication using Java 11.0.14 on DESKTOP-5LINHUV with PID 9712 (C:\Users\nazar\Desktop\Java Logos\6.Advanced\fulltank\target\classes started by nazar in C:\Users\nazar\Desktop\Java Logos\6.Advanced\fulltank)
2022-08-31 09:44:09,819 INFO com.logos.fulltank.FulltankApplication [main] No active profile set, falling back to 1 default profile: "default"
2022-08-31 09:44:14,361 INFO org.apache.catalina.core.StandardService [main] Starting service [Tomcat]
2022-08-31 09:44:14,363 INFO org.apache.catalina.core.StandardEngine [main] Starting Servlet engine: [Apache Tomcat/9.0.65]
2022-08-31 09:44:14,678 INFO org.apache.catalina.core.ContainerBase.[Tomcat].[localhost].[/] [main] Initializing Spring embedded WebApplicationContext
2022-08-31 09:44:15,216 INFO org.hibernate.jpa.internal.util.LogHelper [main] HHH000204: Processing PersistenceUnitInfo [name: default]
2022-08-31 09:44:15,309 INFO org.hibernate.Version [main] HHH000412: Hibernate ORM core version 5.6.10.Final
2022-08-31 09:44:15,603 INFO org.hibernate.annotations.common.Version [main] HCANN000001: Hibernate Commons Annotations {5.1.2.Final}
2022-08-31 09:44:15,804 INFO com.zaxxer.hikari.HikariDataSource [main] HikariPool-1 - Starting...
2022-08-31 09:44:16,561 INFO com.zaxxer.hikari.HikariDataSource [main] HikariPool-1 - Start completed.
2022-08-31 09:44:16,624 INFO org.hibernate.dialect.Dialect [main] HHH000400: Using dialect: org.hibernate.dialect.MySQL8Dialect
2022-08-31 09:44:18,903 INFO org.hibernate.engine.transaction.jta.platform.internal.JtaPlatformInitiator [main] HHH000490: Using JtaPlatform implementation: [org.hibernate.engine.transaction.jta.platform.internal.NoJtaPlatform]
2022-08-31 09:44:22,272 INFO com.logos.fulltank.FulltankApplication [main] Started FulltankApplication in 13.961 seconds (JVM running for 17.161)
2022-08-31 09:44:28,398 INFO org.apache.catalina.core.ContainerBase.[Tomcat].[localhost].[/] [http-nio-8080-exec-1] Initializing Spring DispatcherServlet 'dispatcherServlet'
2022-08-31 09:44:34,688 WARN org.apache.catalina.util.SessionIdGeneratorBase [http-nio-8080-exec-9] Creation of SecureRandom instance for session ID generation using [SHA1PRNG] took [374] milliseconds.
2022-08-31 09:44:54,655 INFO com.zaxxer.hikari.HikariDataSource [SpringApplicationShutdownHook] HikariPool-1 - Shutdown initiated...
2022-08-31 09:44:54,752 INFO com.zaxxer.hikari.HikariDataSource [SpringApplicationShutdownHook] HikariPool-1 - Shutdown completed.
2022-08-31 09:45:07,246 INFO com.logos.fulltank.FulltankApplication [main] Starting FulltankApplication using Java 11.0.14 on DESKTOP-5LINHUV with PID 11632 (C:\Users\nazar\Desktop\Java Logos\6.Advanced\fulltank\target\classes started by nazar in C:\Users\nazar\Desktop\Java Logos\6.Advanced\fulltank)
2022-08-31 09:45:07,256 INFO com.logos.fulltank.FulltankApplication [main] No active profile set, falling back to 1 default profile: "default"
2022-08-31 09:45:11,781 INFO org.apache.catalina.core.StandardService [main] Starting service [Tomcat]
2022-08-31 09:45:11,782 INFO org.apache.catalina.core.StandardEngine [main] Starting Servlet engine: [Apache Tomcat/9.0.65]
2022-08-31 09:45:12,122 INFO org.apache.catalina.core.ContainerBase.[Tomcat].[localhost].[/] [main] Initializing Spring embedded WebApplicationContext
2022-08-31 09:45:12,660 INFO org.hibernate.jpa.internal.util.LogHelper [main] HHH000204: Processing PersistenceUnitInfo [name: default]
2022-08-31 09:45:12,757 INFO org.hibernate.Version [main] HHH000412: Hibernate ORM core version 5.6.10.Final
2022-08-31 09:45:13,061 INFO org.hibernate.annotations.common.Version [main] HCANN000001: Hibernate Commons Annotations {5.1.2.Final}
2022-08-31 09:45:13,255 INFO com.zaxxer.hikari.HikariDataSource [main] HikariPool-1 - Starting...
2022-08-31 09:45:13,946 INFO com.zaxxer.hikari.HikariDataSource [main] HikariPool-1 - Start completed.
2022-08-31 09:45:13,999 INFO org.hibernate.dialect.Dialect [main] HHH000400: Using dialect: org.hibernate.dialect.MySQL8Dialect
2022-08-31 09:45:15,773 INFO org.hibernate.engine.transaction.jta.platform.internal.JtaPlatformInitiator [main] HHH000490: Using JtaPlatform implementation: [org.hibernate.engine.transaction.jta.platform.internal.NoJtaPlatform]
2022-08-31 09:45:19,359 INFO com.logos.fulltank.FulltankApplication [main] Started FulltankApplication in 13.567 seconds (JVM running for 16.972)
2022-08-31 09:45:20,644 INFO org.apache.catalina.core.ContainerBase.[Tomcat].[localhost].[/] [http-nio-8080-exec-1] Initializing Spring DispatcherServlet 'dispatcherServlet'
2022-08-31 09:45:22,867 WARN org.apache.catalina.util.SessionIdGeneratorBase [http-nio-8080-exec-2] Creation of SecureRandom instance for session ID generation using [SHA1PRNG] took [596] milliseconds.
2022-08-31 09:46:00,038 INFO com.zaxxer.hikari.HikariDataSource [SpringApplicationShutdownHook] HikariPool-1 - Shutdown initiated...
2022-08-31 09:46:00,071 INFO com.zaxxer.hikari.HikariDataSource [SpringApplicationShutdownHook] HikariPool-1 - Shutdown completed.
2022-08-31 09:46:11,207 INFO com.logos.fulltank.FulltankApplication [main] Starting FulltankApplication using Java 11.0.14 on DESKTOP-5LINHUV with PID 5968 (C:\Users\nazar\Desktop\Java Logos\6.Advanced\fulltank\target\classes started by nazar in C:\Users\nazar\Desktop\Java Logos\6.Advanced\fulltank)
2022-08-31 09:46:11,218 INFO com.logos.fulltank.FulltankApplication [main] No active profile set, falling back to 1 default profile: "default"
2022-08-31 09:46:17,691 INFO org.apache.catalina.core.StandardService [main] Starting service [Tomcat]
2022-08-31 09:46:17,693 INFO org.apache.catalina.core.StandardEngine [main] Starting Servlet engine: [Apache Tomcat/9.0.65]
2022-08-31 09:46:18,338 INFO org.apache.catalina.core.ContainerBase.[Tomcat].[localhost].[/] [main] Initializing Spring embedded WebApplicationContext
2022-08-31 09:46:19,092 INFO org.hibernate.jpa.internal.util.LogHelper [main] HHH000204: Processing PersistenceUnitInfo [name: default]
2022-08-31 09:46:19,284 INFO org.hibernate.Version [main] HHH000412: Hibernate ORM core version 5.6.10.Final
2022-08-31 09:46:19,626 INFO org.hibernate.annotations.common.Version [main] HCANN000001: Hibernate Commons Annotations {5.1.2.Final}
2022-08-31 09:46:19,842 INFO com.zaxxer.hikari.HikariDataSource [main] HikariPool-1 - Starting...
2022-08-31 09:46:20,748 INFO com.zaxxer.hikari.HikariDataSource [main] HikariPool-1 - Start completed.
2022-08-31 09:46:20,790 INFO org.hibernate.dialect.Dialect [main] HHH000400: Using dialect: org.hibernate.dialect.MySQL8Dialect
2022-08-31 09:46:23,716 INFO org.hibernate.engine.transaction.jta.platform.internal.JtaPlatformInitiator [main] HHH000490: Using JtaPlatform implementation: [org.hibernate.engine.transaction.jta.platform.internal.NoJtaPlatform]
2022-08-31 09:46:27,700 INFO com.logos.fulltank.FulltankApplication [main] Started FulltankApplication in 17.999 seconds (JVM running for 21.412)
2022-08-31 09:46:28,093 INFO com.zaxxer.hikari.HikariDataSource [SpringApplicationShutdownHook] HikariPool-1 - Shutdown initiated...
2022-08-31 09:46:28,125 INFO com.zaxxer.hikari.HikariDataSource [SpringApplicationShutdownHook] HikariPool-1 - Shutdown completed.
2022-08-31 09:46:39,207 INFO com.logos.fulltank.FulltankApplication [main] Starting FulltankApplication using Java 11.0.14 on DESKTOP-5LINHUV with PID 8160 (C:\Users\nazar\Desktop\Java Logos\6.Advanced\fulltank\target\classes started by nazar in C:\Users\nazar\Desktop\Java Logos\6.Advanced\fulltank)
2022-08-31 09:46:39,217 INFO com.logos.fulltank.FulltankApplication [main] No active profile set, falling back to 1 default profile: "default"
2022-08-31 09:46:43,621 INFO org.apache.catalina.core.StandardService [main] Starting service [Tomcat]
2022-08-31 09:46:43,622 INFO org.apache.catalina.core.StandardEngine [main] Starting Servlet engine: [Apache Tomcat/9.0.65]
2022-08-31 09:46:43,974 INFO org.apache.catalina.core.ContainerBase.[Tomcat].[localhost].[/] [main] Initializing Spring embedded WebApplicationContext
2022-08-31 09:46:44,502 INFO org.hibernate.jpa.internal.util.LogHelper [main] HHH000204: Processing PersistenceUnitInfo [name: default]
2022-08-31 09:46:44,594 INFO org.hibernate.Version [main] HHH000412: Hibernate ORM core version 5.6.10.Final
2022-08-31 09:46:44,887 INFO org.hibernate.annotations.common.Version [main] HCANN000001: Hibernate Commons Annotations {5.1.2.Final}
2022-08-31 09:46:45,073 INFO com.zaxxer.hikari.HikariDataSource [main] HikariPool-1 - Starting...
2022-08-31 09:46:45,766 INFO com.zaxxer.hikari.HikariDataSource [main] HikariPool-1 - Start completed.
2022-08-31 09:46:45,808 INFO org.hibernate.dialect.Dialect [main] HHH000400: Using dialect: org.hibernate.dialect.MySQL8Dialect
2022-08-31 09:46:47,601 INFO org.hibernate.engine.transaction.jta.platform.internal.JtaPlatformInitiator [main] HHH000490: Using JtaPlatform implementation: [org.hibernate.engine.transaction.jta.platform.internal.NoJtaPlatform]
2022-08-31 09:46:50,958 INFO com.logos.fulltank.FulltankApplication [main] Started FulltankApplication in 13.191 seconds (JVM running for 16.051)
2022-08-31 09:48:57,358 INFO org.apache.catalina.core.ContainerBase.[Tomcat].[localhost].[/] [http-nio-8080-exec-2] Initializing Spring DispatcherServlet 'dispatcherServlet'
2022-08-31 09:48:59,906 WARN org.apache.catalina.util.SessionIdGeneratorBase [http-nio-8080-exec-1] Creation of SecureRandom instance for session ID generation using [SHA1PRNG] took [437] milliseconds.
2022-08-31 09:49:51,182 INFO com.zaxxer.hikari.HikariDataSource [SpringApplicationShutdownHook] HikariPool-1 - Shutdown initiated...
2022-08-31 09:49:51,207 INFO com.zaxxer.hikari.HikariDataSource [SpringApplicationShutdownHook] HikariPool-1 - Shutdown completed.
2022-08-31 09:50:04,336 INFO com.logos.fulltank.FulltankApplication [main] Starting FulltankApplication using Java 11.0.14 on DESKTOP-5LINHUV with PID 12480 (C:\Users\nazar\Desktop\Java Logos\6.Advanced\fulltank\target\classes started by nazar in C:\Users\nazar\Desktop\Java Logos\6.Advanced\fulltank)
2022-08-31 09:50:04,349 INFO com.logos.fulltank.FulltankApplication [main] No active profile set, falling back to 1 default profile: "default"
2022-08-31 09:50:09,610 INFO org.apache.catalina.core.StandardService [main] Starting service [Tomcat]
2022-08-31 09:50:09,612 INFO org.apache.catalina.core.StandardEngine [main] Starting Servlet engine: [Apache Tomcat/9.0.65]
2022-08-31 09:50:09,931 INFO org.apache.catalina.core.ContainerBase.[Tomcat].[localhost].[/] [main] Initializing Spring embedded WebApplicationContext
2022-08-31 09:50:10,479 INFO org.hibernate.jpa.internal.util.LogHelper [main] HHH000204: Processing PersistenceUnitInfo [name: default]
2022-08-31 09:50:10,572 INFO org.hibernate.Version [main] HHH000412: Hibernate ORM core version 5.6.10.Final
2022-08-31 09:50:10,889 INFO org.hibernate.annotations.common.Version [main] HCANN000001: Hibernate Commons Annotations {5.1.2.Final}
2022-08-31 09:50:11,265 INFO com.zaxxer.hikari.HikariDataSource [main] HikariPool-1 - Starting...
2022-08-31 09:50:12,013 INFO com.zaxxer.hikari.HikariDataSource [main] HikariPool-1 - Start completed.
2022-08-31 09:50:12,065 INFO org.hibernate.dialect.Dialect [main] HHH000400: Using dialect: org.hibernate.dialect.MySQL8Dialect
2022-08-31 09:50:14,039 INFO org.hibernate.engine.transaction.jta.platform.internal.JtaPlatformInitiator [main] HHH000490: Using JtaPlatform implementation: [org.hibernate.engine.transaction.jta.platform.internal.NoJtaPlatform]
2022-08-31 09:50:18,159 INFO com.logos.fulltank.FulltankApplication [main] Started FulltankApplication in 15.606 seconds (JVM running for 19.12)
2022-08-31 09:50:21,963 INFO org.apache.catalina.core.ContainerBase.[Tomcat].[localhost].[/] [http-nio-8080-exec-1] Initializing Spring DispatcherServlet 'dispatcherServlet'
2022-08-31 09:50:22,520 WARN org.apache.catalina.util.SessionIdGeneratorBase [http-nio-8080-exec-1] Creation of SecureRandom instance for session ID generation using [SHA1PRNG] took [371] milliseconds.
2022-08-31 09:50:49,926 INFO com.zaxxer.hikari.HikariDataSource [SpringApplicationShutdownHook] HikariPool-1 - Shutdown initiated...
2022-08-31 09:50:49,968 INFO com.zaxxer.hikari.HikariDataSource [SpringApplicationShutdownHook] HikariPool-1 - Shutdown completed.
2022-08-31 09:51:01,676 INFO com.logos.fulltank.FulltankApplication [main] Starting FulltankApplication using Java 11.0.14 on DESKTOP-5LINHUV with PID 3228 (C:\Users\nazar\Desktop\Java Logos\6.Advanced\fulltank\target\classes started by nazar in C:\Users\nazar\Desktop\Java Logos\6.Advanced\fulltank)
2022-08-31 09:51:01,687 INFO com.logos.fulltank.FulltankApplication [main] No active profile set, falling back to 1 default profile: "default"
2022-08-31 09:51:06,901 INFO org.apache.catalina.core.StandardService [main] Starting service [Tomcat]
2022-08-31 09:51:06,903 INFO org.apache.catalina.core.StandardEngine [main] Starting Servlet engine: [Apache Tomcat/9.0.65]
2022-08-31 09:51:07,222 INFO org.apache.catalina.core.ContainerBase.[Tomcat].[localhost].[/] [main] Initializing Spring embedded WebApplicationContext
2022-08-31 09:51:07,765 INFO org.hibernate.jpa.internal.util.LogHelper [main] HHH000204: Processing PersistenceUnitInfo [name: default]
2022-08-31 09:51:07,853 INFO org.hibernate.Version [main] HHH000412: Hibernate ORM core version 5.6.10.Final
2022-08-31 09:51:08,162 INFO org.hibernate.annotations.common.Version [main] HCANN000001: Hibernate Commons Annotations {5.1.2.Final}
2022-08-31 09:51:08,365 INFO com.zaxxer.hikari.HikariDataSource [main] HikariPool-1 - Starting...
2022-08-31 09:51:09,050 INFO com.zaxxer.hikari.HikariDataSource [main] HikariPool-1 - Start completed.
2022-08-31 09:51:09,091 INFO org.hibernate.dialect.Dialect [main] HHH000400: Using dialect: org.hibernate.dialect.MySQL8Dialect
2022-08-31 09:51:10,878 INFO org.hibernate.engine.transaction.jta.platform.internal.JtaPlatformInitiator [main] HHH000490: Using JtaPlatform implementation: [org.hibernate.engine.transaction.jta.platform.internal.NoJtaPlatform]
2022-08-31 09:51:14,242 INFO com.logos.fulltank.FulltankApplication [main] Started FulltankApplication in 14.071 seconds (JVM running for 16.989)
2022-08-31 09:51:27,183 INFO org.apache.catalina.core.ContainerBase.[Tomcat].[localhost].[/] [http-nio-8080-exec-1] Initializing Spring DispatcherServlet 'dispatcherServlet'
2022-08-31 09:51:27,808 WARN org.apache.catalina.util.SessionIdGeneratorBase [http-nio-8080-exec-1] Creation of SecureRandom instance for session ID generation using [SHA1PRNG] took [405] milliseconds.
2022-08-31 09:51:51,785 INFO com.zaxxer.hikari.HikariDataSource [SpringApplicationShutdownHook] HikariPool-1 - Shutdown initiated...
2022-08-31 09:51:51,826 INFO com.zaxxer.hikari.HikariDataSource [SpringApplicationShutdownHook] HikariPool-1 - Shutdown completed.
2022-08-31 09:52:02,628 INFO com.logos.fulltank.FulltankApplication [main] Starting FulltankApplication using Java 11.0.14 on DESKTOP-5LINHUV with PID 12680 (C:\Users\nazar\Desktop\Java Logos\6.Advanced\fulltank\target\classes started by nazar in C:\Users\nazar\Desktop\Java Logos\6.Advanced\fulltank)
2022-08-31 09:52:02,638 INFO com.logos.fulltank.FulltankApplication [main] No active profile set, falling back to 1 default profile: "default"
2022-08-31 09:52:06,961 INFO org.apache.catalina.core.StandardService [main] Starting service [Tomcat]
2022-08-31 09:52:06,962 INFO org.apache.catalina.core.StandardEngine [main] Starting Servlet engine: [Apache Tomcat/9.0.65]
2022-08-31 09:52:07,301 INFO org.apache.catalina.core.ContainerBase.[Tomcat].[localhost].[/] [main] Initializing Spring embedded WebApplicationContext
2022-08-31 09:52:07,831 INFO org.hibernate.jpa.internal.util.LogHelper [main] HHH000204: Processing PersistenceUnitInfo [name: default]
2022-08-31 09:52:07,921 INFO org.hibernate.Version [main] HHH000412: Hibernate ORM core version 5.6.10.Final
2022-08-31 09:52:08,207 INFO org.hibernate.annotations.common.Version [main] HCANN000001: Hibernate Commons Annotations {5.1.2.Final}
2022-08-31 09:52:08,404 INFO com.zaxxer.hikari.HikariDataSource [main] HikariPool-1 - Starting...
2022-08-31 09:52:09,097 INFO com.zaxxer.hikari.HikariDataSource [main] HikariPool-1 - Start completed.
2022-08-31 09:52:09,137 INFO org.hibernate.dialect.Dialect [main] HHH000400: Using dialect: org.hibernate.dialect.MySQL8Dialect
2022-08-31 09:52:10,958 INFO org.hibernate.engine.transaction.jta.platform.internal.JtaPlatformInitiator [main] HHH000490: Using JtaPlatform implementation: [org.hibernate.engine.transaction.jta.platform.internal.NoJtaPlatform]
2022-08-31 09:52:14,276 INFO com.logos.fulltank.FulltankApplication [main] Started FulltankApplication in 13.05 seconds (JVM running for 16.061)
2022-08-31 09:53:16,142 INFO org.apache.catalina.core.ContainerBase.[Tomcat].[localhost].[/] [http-nio-8080-exec-1] Initializing Spring DispatcherServlet 'dispatcherServlet'
2022-08-31 09:53:17,762 WARN org.apache.catalina.util.SessionIdGeneratorBase [http-nio-8080-exec-2] Creation of SecureRandom instance for session ID generation using [SHA1PRNG] took [467] milliseconds.
